<?xml version="1.0" encoding="UTF-8"?>
<!-- Generated by org.testng.reporters.JUnitXMLReporter -->
<testsuite hostname="LAPTOP-GME99JJS" ignored="1" name="Default test" tests="2" failures="0" timestamp="2019-12-02T14:53:45 CST" time="34.297" errors="0">
  <testcase name="login" time="11.766" classname="com.edu.test.TestCases"/>
  <testcase name="login" time="9.188" classname="com.edu.test.TestCases"/>
  <testcase name="testLogin" time="0.0" classname="com.edu.test.TestCases">
    <ignored/>
  </testcase> <!-- testLogin -->
</testsuite> <!-- Default test -->
