<?xml version="1.0" encoding="UTF-8"?>
<testng-results skipped="0" failed="0" ignored="0" total="1" passed="1">
  <reporter-output>
  </reporter-output>
  <suite name="Default suite" duration-ms="24507" started-at="2019-11-29T09:53:23 CST" finished-at="2019-11-29T09:53:48 CST">
    <groups>
    </groups>
    <test name="Default test" duration-ms="24507" started-at="2019-11-29T09:53:23 CST" finished-at="2019-11-29T09:53:48 CST">
      <class name="com.edu.test.TestCases">
        <test-method status="PASS" signature="doBeforeClass()[pri:0, instance:com.edu.test.TestCases@1dfe2924]" name="doBeforeClass" is-config="true" duration-ms="13246" started-at="2019-11-29T09:53:23 CST" finished-at="2019-11-29T09:53:37 CST">
          <reporter-output>
          </reporter-output>
        </test-method> <!-- doBeforeClass -->
        <test-method status="PASS" signature="testLogin()[pri:0, instance:com.edu.test.TestCases@1dfe2924]" name="testLogin" duration-ms="11213" started-at="2019-11-29T09:53:37 CST" finished-at="2019-11-29T09:53:48 CST">
          <reporter-output>
          </reporter-output>
        </test-method> <!-- testLogin -->
      </class> <!-- com.edu.test.TestCases -->
    </test> <!-- Default test -->
  </suite> <!-- Default suite -->
</testng-results>
