<?xml version="1.0" encoding="UTF-8"?>
<testng-results skipped="0" failed="0" ignored="0" total="1" passed="1">
  <reporter-output>
  </reporter-output>
  <suite name="s1" duration-ms="55" started-at="2019-11-15T10:28:12 CST" finished-at="2019-11-15T10:28:12 CST">
    <groups>
    </groups>
    <test name="test1" duration-ms="55" started-at="2019-11-15T10:28:12 CST" finished-at="2019-11-15T10:28:12 CST">
      <class name="com.webtest.demo.Demo">
        <test-method status="PASS" signature="test1()[pri:0, instance:com.webtest.demo.Demo@67784306]" name="test1" duration-ms="10" started-at="2019-11-15T10:28:12 CST" finished-at="2019-11-15T10:28:12 CST">
          <reporter-output>
          </reporter-output>
        </test-method> <!-- test1 -->
      </class> <!-- com.webtest.demo.Demo -->
    </test> <!-- test1 -->
  </suite> <!-- s1 -->
</testng-results>
