<?xml version="1.0" encoding="UTF-8"?>
<testng-results skipped="0" failed="0" ignored="0" total="1" passed="1">
  <reporter-output>
  </reporter-output>
  <suite name="s1" duration-ms="59" started-at="2019-11-26T01:53:49Z" finished-at="2019-11-26T01:53:49Z">
    <groups>
    </groups>
    <test name="test1" duration-ms="59" started-at="2019-11-26T01:53:49Z" finished-at="2019-11-26T01:53:49Z">
      <class name="com.edu.test.TestCases">
        <test-method status="PASS" signature="test1()[pri:0, instance:com.edu.test.TestCases@5c7fa833]" name="test1" duration-ms="22" started-at="2019-11-26T01:53:49Z" finished-at="2019-11-26T01:53:49Z">
          <reporter-output>
          </reporter-output>
        </test-method> <!-- test1 -->
      </class> <!-- com.edu.test.TestCases -->
    </test> <!-- test1 -->
  </suite> <!-- s1 -->
</testng-results>
